Analysis & Synthesis report for countAndSetting
Mon Jun 03 19:26:26 2024
Quartus II Version 9.1 Build 222 10/21/2009 SJ Full Version


---------------------
; Table of Contents ;
---------------------
  1. Legal Notice
  2. Analysis & Synthesis Summary
  3. Analysis & Synthesis Settings
  4. Parallel Compilation
  5. Analysis & Synthesis Source Files Read
  6. Analysis & Synthesis Resource Usage Summary
  7. Analysis & Synthesis Resource Utilization by Entity
  8. User-Specified and Inferred Latches
  9. Source assignments for lpm_add_sub:Add2|addcore:adder[1]
 10. Source assignments for lpm_add_sub:Add2|addcore:adder[0]
 11. Source assignments for lpm_add_sub:Add1|addcore:adder[1]
 12. Source assignments for lpm_add_sub:Add1|addcore:adder[0]
 13. Source assignments for lpm_add_sub:Add3|addcore:adder[1]
 14. Source assignments for lpm_add_sub:Add3|addcore:adder[0]
 15. Source assignments for lpm_add_sub:Add5|addcore:adder[0]
 16. Source assignments for lpm_add_sub:Add4|addcore:adder[0]
 17. Source assignments for lpm_add_sub:Add0|addcore:adder[1]
 18. Source assignments for lpm_add_sub:Add0|addcore:adder[0]
 19. Parameter Settings for Inferred Entity Instance: lpm_add_sub:Add2
 20. Parameter Settings for Inferred Entity Instance: lpm_add_sub:Add1
 21. Parameter Settings for Inferred Entity Instance: lpm_add_sub:Add3
 22. Parameter Settings for Inferred Entity Instance: lpm_add_sub:Add5
 23. Parameter Settings for Inferred Entity Instance: lpm_add_sub:Add4
 24. Parameter Settings for Inferred Entity Instance: lpm_add_sub:Add0
 25. Analysis & Synthesis Messages



----------------
; Legal Notice ;
----------------
Copyright (C) 1991-2009 Altera Corporation
Your use of Altera Corporation's design tools, logic functions 
and other software and tools, and its AMPP partner logic 
functions, and any output files from any of the foregoing 
(including device programming or simulation files), and any 
associated documentation or information are expressly subject 
to the terms and conditions of the Altera Program License 
Subscription Agreement, Altera MegaCore Function License 
Agreement, or other applicable license agreement, including, 
without limitation, that your use is for the sole purpose of 
programming logic devices manufactured by Altera and sold by 
Altera or its authorized distributors.  Please refer to the 
applicable agreement for further details.



+------------------------------------------------------------------------+
; Analysis & Synthesis Summary                                           ;
+-----------------------------+------------------------------------------+
; Analysis & Synthesis Status ; Successful - Mon Jun 03 19:26:26 2024    ;
; Quartus II Version          ; 9.1 Build 222 10/21/2009 SJ Full Version ;
; Revision Name               ; countAndSetting                          ;
; Top-level Entity Name       ; countAndSetting                          ;
; Family                      ; MAX7000S                                 ;
; Total macrocells            ; 120                                      ;
; Total pins                  ; 34                                       ;
+-----------------------------+------------------------------------------+


+----------------------------------------------------------------------------------------------------------------+
; Analysis & Synthesis Settings                                                                                  ;
+----------------------------------------------------------------------------+-----------------+-----------------+
; Option                                                                     ; Setting         ; Default Value   ;
+----------------------------------------------------------------------------+-----------------+-----------------+
; Device                                                                     ; EPM7128SLC84-15 ;                 ;
; Top-level entity name                                                      ; countAndSetting ; countAndSetting ;
; Family name                                                                ; MAX7000S        ; Stratix II      ;
; Optimization Technique                                                     ; Balanced        ; Speed           ;
; Use Generated Physical Constraints File                                    ; Off             ;                 ;
; Use smart compilation                                                      ; Off             ; Off             ;
; Enable parallel Assembler and TimeQuest Timing Analyzer during compilation ; On              ; On              ;
; Enable compact report table                                                ; Off             ; Off             ;
; Create Debugging Nodes for IP Cores                                        ; Off             ; Off             ;
; Preserve fewer node names                                                  ; On              ; On              ;
; Disable OpenCore Plus hardware evaluation                                  ; Off             ; Off             ;
; Verilog Version                                                            ; Verilog_2001    ; Verilog_2001    ;
; VHDL Version                                                               ; VHDL_1993       ; VHDL_1993       ;
; State Machine Processing                                                   ; Auto            ; Auto            ;
; Safe State Machine                                                         ; Off             ; Off             ;
; Extract Verilog State Machines                                             ; On              ; On              ;
; Extract VHDL State Machines                                                ; On              ; On              ;
; Ignore Verilog initial constructs                                          ; Off             ; Off             ;
; Iteration limit for constant Verilog loops                                 ; 5000            ; 5000            ;
; Iteration limit for non-constant Verilog loops                             ; 250             ; 250             ;
; Add Pass-Through Logic to Inferred RAMs                                    ; On              ; On              ;
; Parallel Synthesis                                                         ; On              ; On              ;
; NOT Gate Push-Back                                                         ; On              ; On              ;
; Power-Up Don't Care                                                        ; On              ; On              ;
; Remove Duplicate Registers                                                 ; On              ; On              ;
; Ignore CARRY Buffers                                                       ; Off             ; Off             ;
; Ignore CASCADE Buffers                                                     ; Off             ; Off             ;
; Ignore GLOBAL Buffers                                                      ; Off             ; Off             ;
; Ignore ROW GLOBAL Buffers                                                  ; Off             ; Off             ;
; Ignore LCELL Buffers                                                       ; Auto            ; Auto            ;
; Ignore SOFT Buffers                                                        ; Off             ; Off             ;
; Limit AHDL Integers to 32 Bits                                             ; Off             ; Off             ;
; Allow XOR Gate Usage                                                       ; On              ; On              ;
; Auto Logic Cell Insertion                                                  ; On              ; On              ;
; Parallel Expander Chain Length                                             ; 4               ; 4               ;
; Auto Parallel Expanders                                                    ; On              ; On              ;
; Auto Open-Drain Pins                                                       ; On              ; On              ;
; Auto Resource Sharing                                                      ; Off             ; Off             ;
; Maximum Fan-in Per Macrocell                                               ; 100             ; 100             ;
; Use LogicLock Constraints during Resource Balancing                        ; On              ; On              ;
; Ignore translate_off and synthesis_off directives                          ; Off             ; Off             ;
; Show Parameter Settings Tables in Synthesis Report                         ; On              ; On              ;
; HDL message level                                                          ; Level2          ; Level2          ;
; Suppress Register Optimization Related Messages                            ; Off             ; Off             ;
; Number of Removed Registers Reported in Synthesis Report                   ; 100             ; 100             ;
; Number of Inverted Registers Reported in Synthesis Report                  ; 100             ; 100             ;
; Block Design Naming                                                        ; Auto            ; Auto            ;
; Synthesis Effort                                                           ; Auto            ; Auto            ;
; Shift Register Replacement - Allow Asynchronous Clear Signal               ; On              ; On              ;
; Analysis & Synthesis Message Level                                         ; Medium          ; Medium          ;
; Disable Register Merging Across Hierarchies                                ; Auto            ; Auto            ;
+----------------------------------------------------------------------------+-----------------+-----------------+


+------------------------------------------+
; Parallel Compilation                     ;
+----------------------------+-------------+
; Processors                 ; Number      ;
+----------------------------+-------------+
; Number detected on machine ; 14          ;
; Maximum allowed            ; 14          ;
;                            ;             ;
; Average used               ; 1.00        ;
; Maximum used               ; 1           ;
;                            ;             ;
; Usage by Processor         ; % Time Used ;
;     1 processor            ; 100.0%      ;
;     2-14 processors        ;   0.0%      ;
+----------------------------+-------------+


+---------------------------------------------------------------------------------------------------------------------------------------------------------------+
; Analysis & Synthesis Source Files Read                                                                                                                        ;
+----------------------------------+-----------------+-----------------+----------------------------------------------------------------------------------------+
; File Name with User-Entered Path ; Used in Netlist ; File Type       ; File Name with Absolute Path                                                           ;
+----------------------------------+-----------------+-----------------+----------------------------------------------------------------------------------------+
; countAndSetting.vhd              ; yes             ; User VHDL File  ; D:/andy_liu/课程/大二/数电课设/countAndSetting (2)/countAndSetting/countAndSetting.vhd ;
; lpm_add_sub.tdf                  ; yes             ; Megafunction    ; d:/quartus/quartus/libraries/megafunctions/lpm_add_sub.tdf                             ;
; addcore.tdf                      ; yes             ; Megafunction    ; d:/quartus/quartus/libraries/megafunctions/addcore.tdf                                 ;
; a_csnbuffer.tdf                  ; yes             ; Megafunction    ; d:/quartus/quartus/libraries/megafunctions/a_csnbuffer.tdf                             ;
; look_add.tdf                     ; yes             ; Megafunction    ; d:/quartus/quartus/libraries/megafunctions/look_add.tdf                                ;
; altshift.tdf                     ; yes             ; Megafunction    ; d:/quartus/quartus/libraries/megafunctions/altshift.tdf                                ;
+----------------------------------+-----------------+-----------------+----------------------------------------------------------------------------------------+


+---------------------------------------------+
; Analysis & Synthesis Resource Usage Summary ;
+----------------------+----------------------+
; Resource             ; Usage                ;
+----------------------+----------------------+
; Logic cells          ; 120                  ;
; Total registers      ; 22                   ;
; I/O pins             ; 34                   ;
; Shareable expanders  ; 33                   ;
; Parallel expanders   ; 14                   ;
; Maximum fan-out node ; show_switch[0]       ;
; Maximum fan-out      ; 52                   ;
; Total fan-out        ; 1225                 ;
; Average fan-out      ; 6.55                 ;
+----------------------+----------------------+


+----------------------------------------------------------------------------------------------------------------------------------------------------+
; Analysis & Synthesis Resource Utilization by Entity                                                                                                ;
+------------------------------------+------------+------+----------------------------------------------------------------------------+--------------+
; Compilation Hierarchy Node         ; Macrocells ; Pins ; Full Hierarchy Name                                                        ; Library Name ;
+------------------------------------+------------+------+----------------------------------------------------------------------------+--------------+
; |countAndSetting                   ; 120        ; 34   ; |countAndSetting                                                           ; work         ;
;    |lpm_add_sub:Add2|              ; 2          ; 0    ; |countAndSetting|lpm_add_sub:Add2                                          ; work         ;
;       |addcore:adder[0]|           ; 2          ; 0    ; |countAndSetting|lpm_add_sub:Add2|addcore:adder[0]                         ; work         ;
;          |a_csnbuffer:result_node| ; 2          ; 0    ; |countAndSetting|lpm_add_sub:Add2|addcore:adder[0]|a_csnbuffer:result_node ; work         ;
;    |lpm_add_sub:Add3|              ; 8          ; 0    ; |countAndSetting|lpm_add_sub:Add3                                          ; work         ;
;       |addcore:adder[0]|           ; 4          ; 0    ; |countAndSetting|lpm_add_sub:Add3|addcore:adder[0]                         ; work         ;
;       |addcore:adder[1]|           ; 4          ; 0    ; |countAndSetting|lpm_add_sub:Add3|addcore:adder[1]                         ; work         ;
+------------------------------------+------------+------+----------------------------------------------------------------------------+--------------+


+----------------------------------------------------------------------------------------------------+
; User-Specified and Inferred Latches                                                                ;
+-----------------------------------------------------+---------------------+------------------------+
; Latch Name                                          ; Latch Enable Signal ; Free of Timing Hazards ;
+-----------------------------------------------------+---------------------+------------------------+
; print_light_one[0]$latch                            ; Mux40               ; yes                    ;
; print_light_one[1]$latch                            ; Mux40               ; yes                    ;
; print_light_one[2]$latch                            ; Mux40               ; yes                    ;
; print_light_one[3]$latch                            ; Mux40               ; yes                    ;
; print_light_one[4]$latch                            ; Mux40               ; yes                    ;
; print_light_one[5]$latch                            ; Mux40               ; yes                    ;
; print_light_one[6]$latch                            ; Mux40               ; yes                    ;
; pills_need[4]                                       ; pills_need[0]       ; yes                    ;
; bottom_need[4]                                      ; bottom_need[0]      ; yes                    ;
; error                                               ; error               ; yes                    ;
; pills_need[5]                                       ; pills_need[0]       ; yes                    ;
; bottom_need[5]                                      ; bottom_need[0]      ; yes                    ;
; pills_need[6]                                       ; pills_need[0]       ; yes                    ;
; bottom_need[6]                                      ; bottom_need[0]      ; yes                    ;
; pills_need[7]                                       ; pills_need[0]       ; yes                    ;
; bottom_need[7]                                      ; bottom_need[0]      ; yes                    ;
; pills_need[8]                                       ; pills_need[0]       ; yes                    ;
; pills_need[9]                                       ; pills_need[0]       ; yes                    ;
; pills_need[10]                                      ; pills_need[0]       ; yes                    ;
; pills_need[11]                                      ; pills_need[0]       ; yes                    ;
; pills_need[3]                                       ; pills_need[0]       ; yes                    ;
; bottom_need[3]                                      ; bottom_need[0]      ; yes                    ;
; pills_need[2]                                       ; pills_need[0]       ; yes                    ;
; bottom_need[2]                                      ; bottom_need[0]      ; yes                    ;
; pills_need[1]                                       ; pills_need[0]       ; yes                    ;
; bottom_need[1]                                      ; bottom_need[0]      ; yes                    ;
; pills_need[0]                                       ; pills_need[0]       ; yes                    ;
; bottom_need[0]                                      ; bottom_need[0]      ; yes                    ;
; Number of user-specified and inferred latches = 28  ;                     ;                        ;
+-----------------------------------------------------+---------------------+------------------------+
Note: All latches listed above may not be present at the end of synthesis due to various synthesis optimizations.


+----------------------------------------------------------+
; Source assignments for lpm_add_sub:Add2|addcore:adder[1] ;
+---------------------------+-------+------+---------------+
; Assignment                ; Value ; From ; To            ;
+---------------------------+-------+------+---------------+
; SUPPRESS_DA_RULE_INTERNAL ; A103  ; -    ; -             ;
+---------------------------+-------+------+---------------+


+----------------------------------------------------------+
; Source assignments for lpm_add_sub:Add2|addcore:adder[0] ;
+---------------------------+-------+------+---------------+
; Assignment                ; Value ; From ; To            ;
+---------------------------+-------+------+---------------+
; SUPPRESS_DA_RULE_INTERNAL ; A103  ; -    ; -             ;
+---------------------------+-------+------+---------------+


+----------------------------------------------------------+
; Source assignments for lpm_add_sub:Add1|addcore:adder[1] ;
+---------------------------+-------+------+---------------+
; Assignment                ; Value ; From ; To            ;
+---------------------------+-------+------+---------------+
; SUPPRESS_DA_RULE_INTERNAL ; A103  ; -    ; -             ;
+---------------------------+-------+------+---------------+


+----------------------------------------------------------+
; Source assignments for lpm_add_sub:Add1|addcore:adder[0] ;
+---------------------------+-------+------+---------------+
; Assignment                ; Value ; From ; To            ;
+---------------------------+-------+------+---------------+
; SUPPRESS_DA_RULE_INTERNAL ; A103  ; -    ; -             ;
+---------------------------+-------+------+---------------+


+----------------------------------------------------------+
; Source assignments for lpm_add_sub:Add3|addcore:adder[1] ;
+---------------------------+-------+------+---------------+
; Assignment                ; Value ; From ; To            ;
+---------------------------+-------+------+---------------+
; SUPPRESS_DA_RULE_INTERNAL ; A103  ; -    ; -             ;
+---------------------------+-------+------+---------------+


+----------------------------------------------------------+
; Source assignments for lpm_add_sub:Add3|addcore:adder[0] ;
+---------------------------+-------+------+---------------+
; Assignment                ; Value ; From ; To            ;
+---------------------------+-------+------+---------------+
; SUPPRESS_DA_RULE_INTERNAL ; A103  ; -    ; -             ;
+---------------------------+-------+------+---------------+


+----------------------------------------------------------+
; Source assignments for lpm_add_sub:Add5|addcore:adder[0] ;
+---------------------------+-------+------+---------------+
; Assignment                ; Value ; From ; To            ;
+---------------------------+-------+------+---------------+
; SUPPRESS_DA_RULE_INTERNAL ; A103  ; -    ; -             ;
+---------------------------+-------+------+---------------+


+----------------------------------------------------------+
; Source assignments for lpm_add_sub:Add4|addcore:adder[0] ;
+---------------------------+-------+------+---------------+
; Assignment                ; Value ; From ; To            ;
+---------------------------+-------+------+---------------+
; SUPPRESS_DA_RULE_INTERNAL ; A103  ; -    ; -             ;
+---------------------------+-------+------+---------------+


+----------------------------------------------------------+
; Source assignments for lpm_add_sub:Add0|addcore:adder[1] ;
+---------------------------+-------+------+---------------+
; Assignment                ; Value ; From ; To            ;
+---------------------------+-------+------+---------------+
; SUPPRESS_DA_RULE_INTERNAL ; A103  ; -    ; -             ;
+---------------------------+-------+------+---------------+


+----------------------------------------------------------+
; Source assignments for lpm_add_sub:Add0|addcore:adder[0] ;
+---------------------------+-------+------+---------------+
; Assignment                ; Value ; From ; To            ;
+---------------------------+-------+------+---------------+
; SUPPRESS_DA_RULE_INTERNAL ; A103  ; -    ; -             ;
+---------------------------+-------+------+---------------+


+-------------------------------------------------------------------+
; Parameter Settings for Inferred Entity Instance: lpm_add_sub:Add2 ;
+------------------------+-------------+----------------------------+
; Parameter Name         ; Value       ; Type                       ;
+------------------------+-------------+----------------------------+
; LPM_WIDTH              ; 12          ; Untyped                    ;
; LPM_REPRESENTATION     ; UNSIGNED    ; Untyped                    ;
; LPM_DIRECTION          ; ADD         ; Untyped                    ;
; ONE_INPUT_IS_CONSTANT  ; YES         ; Untyped                    ;
; LPM_PIPELINE           ; 0           ; Untyped                    ;
; MAXIMIZE_SPEED         ; 5           ; Untyped                    ;
; REGISTERED_AT_END      ; 0           ; Untyped                    ;
; OPTIMIZE_FOR_SPEED     ; 5           ; Untyped                    ;
; USE_CS_BUFFERS         ; 1           ; Untyped                    ;
; CARRY_CHAIN            ; MANUAL      ; Untyped                    ;
; CARRY_CHAIN_LENGTH     ; 48          ; CARRY_CHAIN_LENGTH         ;
; DEVICE_FAMILY          ; MAX7000S    ; Untyped                    ;
; USE_WYS                ; OFF         ; Untyped                    ;
; STYLE                  ; FAST        ; Untyped                    ;
; CBXI_PARAMETER         ; add_sub_6ph ; Untyped                    ;
; AUTO_CARRY_CHAINS      ; ON          ; AUTO_CARRY                 ;
; IGNORE_CARRY_BUFFERS   ; OFF         ; IGNORE_CARRY               ;
; AUTO_CASCADE_CHAINS    ; ON          ; AUTO_CASCADE               ;
; IGNORE_CASCADE_BUFFERS ; OFF         ; IGNORE_CASCADE             ;
+------------------------+-------------+----------------------------+
Note: In order to hide this table in the UI and the text report file, please set the "Show Parameter Settings Tables in Synthesis Report" option in "Analysis and Synthesis Settings -> More Settings" to "Off".


+-------------------------------------------------------------------+
; Parameter Settings for Inferred Entity Instance: lpm_add_sub:Add1 ;
+------------------------+-------------+----------------------------+
; Parameter Name         ; Value       ; Type                       ;
+------------------------+-------------+----------------------------+
; LPM_WIDTH              ; 12          ; Untyped                    ;
; LPM_REPRESENTATION     ; UNSIGNED    ; Untyped                    ;
; LPM_DIRECTION          ; ADD         ; Untyped                    ;
; ONE_INPUT_IS_CONSTANT  ; YES         ; Untyped                    ;
; LPM_PIPELINE           ; 0           ; Untyped                    ;
; MAXIMIZE_SPEED         ; 5           ; Untyped                    ;
; REGISTERED_AT_END      ; 0           ; Untyped                    ;
; OPTIMIZE_FOR_SPEED     ; 5           ; Untyped                    ;
; USE_CS_BUFFERS         ; 1           ; Untyped                    ;
; CARRY_CHAIN            ; MANUAL      ; Untyped                    ;
; CARRY_CHAIN_LENGTH     ; 48          ; CARRY_CHAIN_LENGTH         ;
; DEVICE_FAMILY          ; MAX7000S    ; Untyped                    ;
; USE_WYS                ; OFF         ; Untyped                    ;
; STYLE                  ; FAST        ; Untyped                    ;
; CBXI_PARAMETER         ; add_sub_6ph ; Untyped                    ;
; AUTO_CARRY_CHAINS      ; ON          ; AUTO_CARRY                 ;
; IGNORE_CARRY_BUFFERS   ; OFF         ; IGNORE_CARRY               ;
; AUTO_CASCADE_CHAINS    ; ON          ; AUTO_CASCADE               ;
; IGNORE_CASCADE_BUFFERS ; OFF         ; IGNORE_CASCADE             ;
+------------------------+-------------+----------------------------+
Note: In order to hide this table in the UI and the text report file, please set the "Show Parameter Settings Tables in Synthesis Report" option in "Analysis and Synthesis Settings -> More Settings" to "Off".


+-------------------------------------------------------------------+
; Parameter Settings for Inferred Entity Instance: lpm_add_sub:Add3 ;
+------------------------+-------------+----------------------------+
; Parameter Name         ; Value       ; Type                       ;
+------------------------+-------------+----------------------------+
; LPM_WIDTH              ; 12          ; Untyped                    ;
; LPM_REPRESENTATION     ; UNSIGNED    ; Untyped                    ;
; LPM_DIRECTION          ; ADD         ; Untyped                    ;
; ONE_INPUT_IS_CONSTANT  ; YES         ; Untyped                    ;
; LPM_PIPELINE           ; 0           ; Untyped                    ;
; MAXIMIZE_SPEED         ; 5           ; Untyped                    ;
; REGISTERED_AT_END      ; 0           ; Untyped                    ;
; OPTIMIZE_FOR_SPEED     ; 5           ; Untyped                    ;
; USE_CS_BUFFERS         ; 1           ; Untyped                    ;
; CARRY_CHAIN            ; MANUAL      ; Untyped                    ;
; CARRY_CHAIN_LENGTH     ; 48          ; CARRY_CHAIN_LENGTH         ;
; DEVICE_FAMILY          ; MAX7000S    ; Untyped                    ;
; USE_WYS                ; OFF         ; Untyped                    ;
; STYLE                  ; FAST        ; Untyped                    ;
; CBXI_PARAMETER         ; add_sub_ceh ; Untyped                    ;
; AUTO_CARRY_CHAINS      ; ON          ; AUTO_CARRY                 ;
; IGNORE_CARRY_BUFFERS   ; OFF         ; IGNORE_CARRY               ;
; AUTO_CASCADE_CHAINS    ; ON          ; AUTO_CASCADE               ;
; IGNORE_CASCADE_BUFFERS ; OFF         ; IGNORE_CASCADE             ;
+------------------------+-------------+----------------------------+
Note: In order to hide this table in the UI and the text report file, please set the "Show Parameter Settings Tables in Synthesis Report" option in "Analysis and Synthesis Settings -> More Settings" to "Off".


+-------------------------------------------------------------------+
; Parameter Settings for Inferred Entity Instance: lpm_add_sub:Add5 ;
+------------------------+-------------+----------------------------+
; Parameter Name         ; Value       ; Type                       ;
+------------------------+-------------+----------------------------+
; LPM_WIDTH              ; 8           ; Untyped                    ;
; LPM_REPRESENTATION     ; UNSIGNED    ; Untyped                    ;
; LPM_DIRECTION          ; ADD         ; Untyped                    ;
; ONE_INPUT_IS_CONSTANT  ; YES         ; Untyped                    ;
; LPM_PIPELINE           ; 0           ; Untyped                    ;
; MAXIMIZE_SPEED         ; 5           ; Untyped                    ;
; REGISTERED_AT_END      ; 0           ; Untyped                    ;
; OPTIMIZE_FOR_SPEED     ; 5           ; Untyped                    ;
; USE_CS_BUFFERS         ; 1           ; Untyped                    ;
; CARRY_CHAIN            ; MANUAL      ; Untyped                    ;
; CARRY_CHAIN_LENGTH     ; 48          ; CARRY_CHAIN_LENGTH         ;
; DEVICE_FAMILY          ; MAX7000S    ; Untyped                    ;
; USE_WYS                ; OFF         ; Untyped                    ;
; STYLE                  ; FAST        ; Untyped                    ;
; CBXI_PARAMETER         ; add_sub_rnh ; Untyped                    ;
; AUTO_CARRY_CHAINS      ; ON          ; AUTO_CARRY                 ;
; IGNORE_CARRY_BUFFERS   ; OFF         ; IGNORE_CARRY               ;
; AUTO_CASCADE_CHAINS    ; ON          ; AUTO_CASCADE               ;
; IGNORE_CASCADE_BUFFERS ; OFF         ; IGNORE_CASCADE             ;
+------------------------+-------------+----------------------------+
Note: In order to hide this table in the UI and the text report file, please set the "Show Parameter Settings Tables in Synthesis Report" option in "Analysis and Synthesis Settings -> More Settings" to "Off".


+-------------------------------------------------------------------+
; Parameter Settings for Inferred Entity Instance: lpm_add_sub:Add4 ;
+------------------------+-------------+----------------------------+
; Parameter Name         ; Value       ; Type                       ;
+------------------------+-------------+----------------------------+
; LPM_WIDTH              ; 8           ; Untyped                    ;
; LPM_REPRESENTATION     ; UNSIGNED    ; Untyped                    ;
; LPM_DIRECTION          ; ADD         ; Untyped                    ;
; ONE_INPUT_IS_CONSTANT  ; YES         ; Untyped                    ;
; LPM_PIPELINE           ; 0           ; Untyped                    ;
; MAXIMIZE_SPEED         ; 5           ; Untyped                    ;
; REGISTERED_AT_END      ; 0           ; Untyped                    ;
; OPTIMIZE_FOR_SPEED     ; 5           ; Untyped                    ;
; USE_CS_BUFFERS         ; 1           ; Untyped                    ;
; CARRY_CHAIN            ; MANUAL      ; Untyped                    ;
; CARRY_CHAIN_LENGTH     ; 48          ; CARRY_CHAIN_LENGTH         ;
; DEVICE_FAMILY          ; MAX7000S    ; Untyped                    ;
; USE_WYS                ; OFF         ; Untyped                    ;
; STYLE                  ; FAST        ; Untyped                    ;
; CBXI_PARAMETER         ; add_sub_rnh ; Untyped                    ;
; AUTO_CARRY_CHAINS      ; ON          ; AUTO_CARRY                 ;
; IGNORE_CARRY_BUFFERS   ; OFF         ; IGNORE_CARRY               ;
; AUTO_CASCADE_CHAINS    ; ON          ; AUTO_CASCADE               ;
; IGNORE_CASCADE_BUFFERS ; OFF         ; IGNORE_CASCADE             ;
+------------------------+-------------+----------------------------+
Note: In order to hide this table in the UI and the text report file, please set the "Show Parameter Settings Tables in Synthesis Report" option in "Analysis and Synthesis Settings -> More Settings" to "Off".


+-------------------------------------------------------------------+
; Parameter Settings for Inferred Entity Instance: lpm_add_sub:Add0 ;
+------------------------+-------------+----------------------------+
; Parameter Name         ; Value       ; Type                       ;
+------------------------+-------------+----------------------------+
; LPM_WIDTH              ; 12          ; Untyped                    ;
; LPM_REPRESENTATION     ; UNSIGNED    ; Untyped                    ;
; LPM_DIRECTION          ; ADD         ; Untyped                    ;
; ONE_INPUT_IS_CONSTANT  ; YES         ; Untyped                    ;
; LPM_PIPELINE           ; 0           ; Untyped                    ;
; MAXIMIZE_SPEED         ; 5           ; Untyped                    ;
; REGISTERED_AT_END      ; 0           ; Untyped                    ;
; OPTIMIZE_FOR_SPEED     ; 5           ; Untyped                    ;
; USE_CS_BUFFERS         ; 1           ; Untyped                    ;
; CARRY_CHAIN            ; MANUAL      ; Untyped                    ;
; CARRY_CHAIN_LENGTH     ; 48          ; CARRY_CHAIN_LENGTH         ;
; DEVICE_FAMILY          ; MAX7000S    ; Untyped                    ;
; USE_WYS                ; OFF         ; Untyped                    ;
; STYLE                  ; FAST        ; Untyped                    ;
; CBXI_PARAMETER         ; add_sub_6ph ; Untyped                    ;
; AUTO_CARRY_CHAINS      ; ON          ; AUTO_CARRY                 ;
; IGNORE_CARRY_BUFFERS   ; OFF         ; IGNORE_CARRY               ;
; AUTO_CASCADE_CHAINS    ; ON          ; AUTO_CASCADE               ;
; IGNORE_CASCADE_BUFFERS ; OFF         ; IGNORE_CASCADE             ;
+------------------------+-------------+----------------------------+
Note: In order to hide this table in the UI and the text report file, please set the "Show Parameter Settings Tables in Synthesis Report" option in "Analysis and Synthesis Settings -> More Settings" to "Off".


+-------------------------------+
; Analysis & Synthesis Messages ;
+-------------------------------+
Info: *******************************************************************
Info: Running Quartus II Analysis & Synthesis
    Info: Version 9.1 Build 222 10/21/2009 SJ Full Version
    Info: Processing started: Mon Jun 03 19:26:24 2024
Info: Command: quartus_map --read_settings_files=on --write_settings_files=off countAndSetting -c countAndSetting
Info: Parallel compilation is enabled and will use 14 of the 14 processors detected
Info: Found 2 design units, including 1 entities, in source file countandsetting.vhd
    Info: Found design unit 1: countAndSetting-Behavioral
    Info: Found entity 1: countAndSetting
Info: Found 2 design units, including 1 entities, in source file vhdl2.vhd
    Info: Found design unit 1: add-arc
    Info: Found entity 1: add
Info: Found 2 design units, including 1 entities, in source file adder.vhd
    Info: Found design unit 1: Adder-Behavioral
    Info: Found entity 1: Adder
Info: Elaborating entity "countAndSetting" for the top level hierarchy
Warning (10492): VHDL Process Statement warning at countAndSetting.vhd(41): signal "input" is read inside the Process Statement but isn't in the Process Statement's sensitivity list
Warning (10492): VHDL Process Statement warning at countAndSetting.vhd(44): signal "show_switch" is read inside the Process Statement but isn't in the Process Statement's sensitivity list
Warning (10492): VHDL Process Statement warning at countAndSetting.vhd(46): signal "input" is read inside the Process Statement but isn't in the Process Statement's sensitivity list
Warning (10492): VHDL Process Statement warning at countAndSetting.vhd(48): signal "input" is read inside the Process Statement but isn't in the Process Statement's sensitivity list
Warning (10492): VHDL Process Statement warning at countAndSetting.vhd(52): signal "pills_need" is read inside the Process Statement but isn't in the Process Statement's sensitivity list
Warning (10492): VHDL Process Statement warning at countAndSetting.vhd(52): signal "bottom_need" is read inside the Process Statement but isn't in the Process Statement's sensitivity list
Warning (10492): VHDL Process Statement warning at countAndSetting.vhd(56): signal "stop" is read inside the Process Statement but isn't in the Process Statement's sensitivity list
Warning (10492): VHDL Process Statement warning at countAndSetting.vhd(84): signal "show_switch" is read inside the Process Statement but isn't in the Process Statement's sensitivity list
Warning (10492): VHDL Process Statement warning at countAndSetting.vhd(86): signal "pills_need" is read inside the Process Statement but isn't in the Process Statement's sensitivity list
Warning (10492): VHDL Process Statement warning at countAndSetting.vhd(88): signal "bottom_need" is read inside the Process Statement but isn't in the Process Statement's sensitivity list
Warning (10492): VHDL Process Statement warning at countAndSetting.vhd(90): signal "pills_count_8421" is read inside the Process Statement but isn't in the Process Statement's sensitivity list
Warning (10492): VHDL Process Statement warning at countAndSetting.vhd(92): signal "bottom_count_8421" is read inside the Process Statement but isn't in the Process Statement's sensitivity list
Warning (10492): VHDL Process Statement warning at countAndSetting.vhd(96): signal "error" is read inside the Process Statement but isn't in the Process Statement's sensitivity list
Warning (10631): VHDL Process Statement warning at countAndSetting.vhd(29): inferring latch(es) for signal or variable "pills_need", which holds its previous value in one or more paths through the process
Warning (10631): VHDL Process Statement warning at countAndSetting.vhd(29): inferring latch(es) for signal or variable "bottom_need", which holds its previous value in one or more paths through the process
Warning (10631): VHDL Process Statement warning at countAndSetting.vhd(29): inferring latch(es) for signal or variable "error", which holds its previous value in one or more paths through the process
Warning (10631): VHDL Process Statement warning at countAndSetting.vhd(101): inferring latch(es) for signal or variable "print_light_one", which holds its previous value in one or more paths through the process
Info (10041): Inferred latch for "print_light_one[0]" at countAndSetting.vhd(101)
Info (10041): Inferred latch for "print_light_one[1]" at countAndSetting.vhd(101)
Info (10041): Inferred latch for "print_light_one[2]" at countAndSetting.vhd(101)
Info (10041): Inferred latch for "print_light_one[3]" at countAndSetting.vhd(101)
Info (10041): Inferred latch for "print_light_one[4]" at countAndSetting.vhd(101)
Info (10041): Inferred latch for "print_light_one[5]" at countAndSetting.vhd(101)
Info (10041): Inferred latch for "print_light_one[6]" at countAndSetting.vhd(101)
Info (10041): Inferred latch for "error" at countAndSetting.vhd(29)
Info (10041): Inferred latch for "bottom_need[0]" at countAndSetting.vhd(29)
Info (10041): Inferred latch for "bottom_need[1]" at countAndSetting.vhd(29)
Info (10041): Inferred latch for "bottom_need[2]" at countAndSetting.vhd(29)
Info (10041): Inferred latch for "bottom_need[3]" at countAndSetting.vhd(29)
Info (10041): Inferred latch for "bottom_need[4]" at countAndSetting.vhd(29)
Info (10041): Inferred latch for "bottom_need[5]" at countAndSetting.vhd(29)
Info (10041): Inferred latch for "bottom_need[6]" at countAndSetting.vhd(29)
Info (10041): Inferred latch for "bottom_need[7]" at countAndSetting.vhd(29)
Info (10041): Inferred latch for "pills_need[0]" at countAndSetting.vhd(29)
Info (10041): Inferred latch for "pills_need[1]" at countAndSetting.vhd(29)
Info (10041): Inferred latch for "pills_need[2]" at countAndSetting.vhd(29)
Info (10041): Inferred latch for "pills_need[3]" at countAndSetting.vhd(29)
Info (10041): Inferred latch for "pills_need[4]" at countAndSetting.vhd(29)
Info (10041): Inferred latch for "pills_need[5]" at countAndSetting.vhd(29)
Info (10041): Inferred latch for "pills_need[6]" at countAndSetting.vhd(29)
Info (10041): Inferred latch for "pills_need[7]" at countAndSetting.vhd(29)
Info (10041): Inferred latch for "pills_need[8]" at countAndSetting.vhd(29)
Info (10041): Inferred latch for "pills_need[9]" at countAndSetting.vhd(29)
Info (10041): Inferred latch for "pills_need[10]" at countAndSetting.vhd(29)
Info (10041): Inferred latch for "pills_need[11]" at countAndSetting.vhd(29)
Info: Inferred 6 megafunctions from design logic
    Info: Inferred adder/subtractor megafunction ("lpm_add_sub") from the following logic: "Add2"
    Info: Inferred adder/subtractor megafunction ("lpm_add_sub") from the following logic: "Add1"
    Info: Inferred adder/subtractor megafunction ("lpm_add_sub") from the following logic: "Add3"
    Info: Inferred adder/subtractor megafunction ("lpm_add_sub") from the following logic: "Add5"
    Info: Inferred adder/subtractor megafunction ("lpm_add_sub") from the following logic: "Add4"
    Info: Inferred adder/subtractor megafunction ("lpm_add_sub") from the following logic: "Add0"
Info: Elaborated megafunction instantiation "lpm_add_sub:Add2"
Info: Instantiated megafunction "lpm_add_sub:Add2" with the following parameter:
    Info: Parameter "LPM_WIDTH" = "12"
    Info: Parameter "LPM_DIRECTION" = "ADD"
    Info: Parameter "LPM_REPRESENTATION" = "UNSIGNED"
    Info: Parameter "ONE_INPUT_IS_CONSTANT" = "YES"
Info: Elaborated megafunction instantiation "lpm_add_sub:Add2|addcore:adder[1]", which is child of megafunction instantiation "lpm_add_sub:Add2"
Info: Elaborated megafunction instantiation "lpm_add_sub:Add2|addcore:adder[1]|a_csnbuffer:oflow_node", which is child of megafunction instantiation "lpm_add_sub:Add2"
Info: Elaborated megafunction instantiation "lpm_add_sub:Add2|addcore:adder[1]|a_csnbuffer:result_node", which is child of megafunction instantiation "lpm_add_sub:Add2"
Info: Elaborated megafunction instantiation "lpm_add_sub:Add2|addcore:adder[0]", which is child of megafunction instantiation "lpm_add_sub:Add2"
Info: Elaborated megafunction instantiation "lpm_add_sub:Add2|look_add:look_ahead_unit", which is child of megafunction instantiation "lpm_add_sub:Add2"
Info: Elaborated megafunction instantiation "lpm_add_sub:Add2|altshift:result_ext_latency_ffs", which is child of megafunction instantiation "lpm_add_sub:Add2"
Info: Elaborated megafunction instantiation "lpm_add_sub:Add2|altshift:carry_ext_latency_ffs", which is child of megafunction instantiation "lpm_add_sub:Add2"
Info: Elaborated megafunction instantiation "lpm_add_sub:Add1"
Info: Instantiated megafunction "lpm_add_sub:Add1" with the following parameter:
    Info: Parameter "LPM_WIDTH" = "12"
    Info: Parameter "LPM_DIRECTION" = "ADD"
    Info: Parameter "LPM_REPRESENTATION" = "UNSIGNED"
    Info: Parameter "ONE_INPUT_IS_CONSTANT" = "YES"
Info: Elaborated megafunction instantiation "lpm_add_sub:Add3"
Info: Instantiated megafunction "lpm_add_sub:Add3" with the following parameter:
    Info: Parameter "LPM_WIDTH" = "12"
    Info: Parameter "LPM_DIRECTION" = "ADD"
    Info: Parameter "LPM_REPRESENTATION" = "UNSIGNED"
    Info: Parameter "ONE_INPUT_IS_CONSTANT" = "YES"
Info: Elaborated megafunction instantiation "lpm_add_sub:Add5"
Info: Instantiated megafunction "lpm_add_sub:Add5" with the following parameter:
    Info: Parameter "LPM_WIDTH" = "8"
    Info: Parameter "LPM_DIRECTION" = "ADD"
    Info: Parameter "LPM_REPRESENTATION" = "UNSIGNED"
    Info: Parameter "ONE_INPUT_IS_CONSTANT" = "YES"
Info: Elaborated megafunction instantiation "lpm_add_sub:Add5|look_add:look_ahead_unit", which is child of megafunction instantiation "lpm_add_sub:Add5"
Info: Elaborated megafunction instantiation "lpm_add_sub:Add5|altshift:result_ext_latency_ffs", which is child of megafunction instantiation "lpm_add_sub:Add5"
Info: Elaborated megafunction instantiation "lpm_add_sub:Add4"
Info: Instantiated megafunction "lpm_add_sub:Add4" with the following parameter:
    Info: Parameter "LPM_WIDTH" = "8"
    Info: Parameter "LPM_DIRECTION" = "ADD"
    Info: Parameter "LPM_REPRESENTATION" = "UNSIGNED"
    Info: Parameter "ONE_INPUT_IS_CONSTANT" = "YES"
Info: Elaborated megafunction instantiation "lpm_add_sub:Add0"
Info: Instantiated megafunction "lpm_add_sub:Add0" with the following parameter:
    Info: Parameter "LPM_WIDTH" = "12"
    Info: Parameter "LPM_DIRECTION" = "ADD"
    Info: Parameter "LPM_REPRESENTATION" = "UNSIGNED"
    Info: Parameter "ONE_INPUT_IS_CONSTANT" = "YES"
Info: Ignored 43 buffer(s)
    Info: Ignored 43 SOFT buffer(s)
Info: Implemented 187 device resources after synthesis - the final resource count might be different
    Info: Implemented 19 input pins
    Info: Implemented 15 output pins
    Info: Implemented 120 macrocells
    Info: Implemented 33 shareable expanders
Info: Quartus II Analysis & Synthesis was successful. 0 errors, 17 warnings
    Info: Peak virtual memory: 249 megabytes
    Info: Processing ended: Mon Jun 03 19:26:26 2024
    Info: Elapsed time: 00:00:02
    Info: Total CPU time (on all processors): 00:00:00


