Flow report for countAndSetting
Mon Jun 03 19:26:28 2024
Quartus II Version 9.1 Build 222 10/21/2009 SJ Full Version


---------------------
; Table of Contents ;
---------------------
  1. Legal Notice
  2. Flow Summary
  3. Flow Settings
  4. Flow Non-Default Global Settings
  5. Flow Elapsed Time
  6. Flow OS Summary
  7. Flow Log



----------------
; Legal Notice ;
----------------
Copyright (C) 1991-2009 Altera Corporation
Your use of Altera Corporation's design tools, logic functions 
and other software and tools, and its AMPP partner logic 
functions, and any output files from any of the foregoing 
(including device programming or simulation files), and any 
associated documentation or information are expressly subject 
to the terms and conditions of the Altera Program License 
Subscription Agreement, Altera MegaCore Function License 
Agreement, or other applicable license agreement, including, 
without limitation, that your use is for the sole purpose of 
programming logic devices manufactured by Altera and sold by 
Altera or its authorized distributors.  Please refer to the 
applicable agreement for further details.



+--------------------------------------------------------------------+
; Flow Summary                                                       ;
+-------------------------+------------------------------------------+
; Flow Status             ; Successful - Mon Jun 03 19:26:28 2024    ;
; Quartus II Version      ; 9.1 Build 222 10/21/2009 SJ Full Version ;
; Revision Name           ; countAndSetting                          ;
; Top-level Entity Name   ; countAndSetting                          ;
; Family                  ; MAX7000S                                 ;
; Device                  ; EPM7128SLC84-15                          ;
; Timing Models           ; Final                                    ;
; Met timing requirements ; Yes                                      ;
; Total macrocells        ; 120 / 128 ( 94 % )                       ;
; Total pins              ; 38 / 68 ( 56 % )                         ;
+-------------------------+------------------------------------------+


+-----------------------------------------+
; Flow Settings                           ;
+-------------------+---------------------+
; Option            ; Setting             ;
+-------------------+---------------------+
; Start date & time ; 06/03/2024 19:26:24 ;
; Main task         ; Compilation         ;
; Revision Name     ; countAndSetting     ;
+-------------------+---------------------+


+----------------------------------------------------------------------------------------------------------------------------------------------------------------------------+
; Flow Non-Default Global Settings                                                                                                                                           ;
+------------------------------------+----------------------------------------------------------------------------------------+---------------+-------------+----------------+
; Assignment Name                    ; Value                                                                                  ; Default Value ; Entity Name ; Section Id     ;
+------------------------------------+----------------------------------------------------------------------------------------+---------------+-------------+----------------+
; COMPILER_SIGNATURE_ID              ; 118902017679273.171741398421364                                                        ; --            ; --          ; --             ;
; MAX7000_OPTIMIZATION_TECHNIQUE     ; Balanced                                                                               ; Speed         ; --          ; --             ;
; MAX_CORE_JUNCTION_TEMP             ; 85                                                                                     ; --            ; --          ; --             ;
; MIN_CORE_JUNCTION_TEMP             ; 0                                                                                      ; --            ; --          ; --             ;
; MISC_FILE                          ; D:/quartus/quartus/countAndSetting/countAndSetting.dpf                                 ; --            ; --          ; --             ;
; MISC_FILE                          ; C:/Users/Administrator/Desktop/countAndSetting/countAndSetting.dpf                     ; --            ; --          ; --             ;
; MISC_FILE                          ; D:/andy_liu/课程/大二/数电课设/countAndSetting/countAndSetting.dpf                     ; --            ; --          ; --             ;
; MISC_FILE                          ; D:/andy_liu/课程/大二/数电课设/countAndSetting (2)/countAndSetting/countAndSetting.dpf ; --            ; --          ; --             ;
; MISC_FILE                          ; C:/Users/Administrator/Desktop/countAndSetting (2)/countAndSetting/countAndSetting.dpf ; --            ; --          ; --             ;
; USE_GENERATED_PHYSICAL_CONSTRAINTS ; Off                                                                                    ; --            ; --          ; eda_blast_fpga ;
+------------------------------------+----------------------------------------------------------------------------------------+---------------+-------------+----------------+


+-----------------------------------------------------------------------------------------------------------------------------+
; Flow Elapsed Time                                                                                                           ;
+-------------------------+--------------+-------------------------+---------------------+------------------------------------+
; Module Name             ; Elapsed Time ; Average Processors Used ; Peak Virtual Memory ; Total CPU Time (on all processors) ;
+-------------------------+--------------+-------------------------+---------------------+------------------------------------+
; Analysis & Synthesis    ; 00:00:02     ; 1.0                     ; 249 MB              ; 00:00:00                           ;
; Fitter                  ; 00:00:01     ; 1.0                     ; 214 MB              ; 00:00:00                           ;
; Assembler               ; 00:00:01     ; 1.0                     ; 202 MB              ; 00:00:00                           ;
; Classic Timing Analyzer ; 00:00:00     ; 1.0                     ; 173 MB              ; 00:00:00                           ;
; Total                   ; 00:00:04     ; --                      ; --                  ; 00:00:00                           ;
+-------------------------+--------------+-------------------------+---------------------+------------------------------------+


+------------------------------------------------------------------------------------------+
; Flow OS Summary                                                                          ;
+-------------------------+------------------+---------------+------------+----------------+
; Module Name             ; Machine Hostname ; OS Name       ; OS Version ; Processor type ;
+-------------------------+------------------+---------------+------------+----------------+
; Analysis & Synthesis    ; LAPTOP-HMC6SJ6H  ; Windows Vista ; 6.2        ; x86_64         ;
; Fitter                  ; LAPTOP-HMC6SJ6H  ; Windows Vista ; 6.2        ; x86_64         ;
; Assembler               ; LAPTOP-HMC6SJ6H  ; Windows Vista ; 6.2        ; x86_64         ;
; Classic Timing Analyzer ; LAPTOP-HMC6SJ6H  ; Windows Vista ; 6.2        ; x86_64         ;
+-------------------------+------------------+---------------+------------+----------------+


------------
; Flow Log ;
------------
quartus_map --read_settings_files=on --write_settings_files=off countAndSetting -c countAndSetting
quartus_fit --read_settings_files=off --write_settings_files=off countAndSetting -c countAndSetting
quartus_asm --read_settings_files=off --write_settings_files=off countAndSetting -c countAndSetting
quartus_tan --read_settings_files=off --write_settings_files=off countAndSetting -c countAndSetting



